<?xml version="1.0" encoding="UTF-8"?>
<!-- Generated by org.testng.reporters.JUnitReportReporter -->
<testsuite skipped="0" hostname="Chetan-QA" name="com.actitime.scripts.Logintest" tests="1" failures="0" timestamp="12 Jan 2020 17:10:48 GMT" time="34.974" errors="0">
  <testcase name="validlogin" time="34.974" classname="com.actitime.scripts.Logintest"/>
</testsuite> <!-- com.actitime.scripts.Logintest -->
